<?xml version="1.0" encoding="UTF-8"?>
<!-- Generated by org.testng.reporters.JUnitReportReporter -->
<testsuite hostname="DESKTOP-U92U93D" failures="0" tests="1" name="testcases.Homepage" time="2.772" errors="0" timestamp="2024-03-10T12:49:53 IST" skipped="0">
  <testcase classname="testcases.Homepage" name="homePageTest" time="2.772"/>
  <system-out/>
</testsuite> <!-- testcases.Homepage -->
