<?xml version="1.0" encoding="UTF-8"?>
<!-- Generated by org.testng.reporters.JUnitReportReporter -->
<testsuite hostname="DESKTOP-U92U93D" failures="0" tests="1" name="testcases.Withdrwal" time="4.960" errors="0" timestamp="2024-03-10T12:49:53 IST" skipped="0">
  <testcase classname="testcases.Withdrwal" name="DepositMoney" time="4.960"/>
  <system-out/>
</testsuite> <!-- testcases.Withdrwal -->
